<?xml version="1.0" encoding="UTF-8"?>
<testng-results skipped="0" failed="1" ignored="0" total="10" passed="9">
  <reporter-output>
  </reporter-output>
  <suite name="NapierHealthCareProject" duration-ms="471990" started-at="2022-04-04T05:31:43Z" finished-at="2022-04-04T05:39:35Z">
    <groups>
    </groups>
    <test name="HealthCare Test" duration-ms="471990" started-at="2022-04-04T05:31:43Z" finished-at="2022-04-04T05:39:35Z">
      <class name="com.HC.testCases.TC_LoginDDT_002">
        <test-method status="PASS" signature="setup(java.lang.String)[pri:0, instance:com.HC.testCases.TC_LoginDDT_002@4f638935]" name="setup" is-config="true" duration-ms="7355" started-at="2022-04-04T05:32:27Z" finished-at="2022-04-04T05:32:34Z">
          <params>
            <param index="0">
              <value>
                <![CDATA[chrome]]>
              </value>
            </param>
          </params>
          <reporter-output>
          </reporter-output>
        </test-method> <!-- setup -->
        <test-method status="PASS" signature="loginTest(java.lang.String, java.lang.String)[pri:0, instance:com.HC.testCases.TC_LoginDDT_002@4f638935]" name="loginTest" duration-ms="15498" started-at="2022-04-04T05:32:34Z" data-provider="LoginData" finished-at="2022-04-04T05:32:50Z">
          <params>
            <param index="0">
              <value>
                <![CDATA[Ganesh]]>
              </value>
            </param>
            <param index="1">
              <value>
                <![CDATA[User@1]]>
              </value>
            </param>
          </params>
          <reporter-output>
          </reporter-output>
        </test-method> <!-- loginTest -->
        <test-method status="PASS" signature="loginTest(java.lang.String, java.lang.String)[pri:0, instance:com.HC.testCases.TC_LoginDDT_002@4f638935]" name="loginTest" duration-ms="25812" started-at="2022-04-04T05:32:50Z" data-provider="LoginData" finished-at="2022-04-04T05:33:16Z">
          <params>
            <param index="0">
              <value>
                <![CDATA[Ganesh]]>
              </value>
            </param>
            <param index="1">
              <value>
                <![CDATA[User@2]]>
              </value>
            </param>
          </params>
          <reporter-output>
          </reporter-output>
        </test-method> <!-- loginTest -->
        <test-method status="PASS" signature="tearDown()[pri:0, instance:com.HC.testCases.TC_LoginDDT_002@4f638935]" name="tearDown" is-config="true" duration-ms="0" started-at="2022-04-04T05:33:16Z" finished-at="2022-04-04T05:33:16Z">
          <reporter-output>
          </reporter-output>
        </test-method> <!-- tearDown -->
      </class> <!-- com.HC.testCases.TC_LoginDDT_002 -->
      <class name="com.HC.testCases.TC_IncidentReportAnonymouslyAllDetails">
        <test-method status="PASS" signature="setup(java.lang.String)[pri:0, instance:com.HC.testCases.TC_IncidentReportAnonymouslyAllDetails@7fc229ab]" name="setup" is-config="true" duration-ms="8497" started-at="2022-04-04T05:35:19Z" finished-at="2022-04-04T05:35:28Z">
          <params>
            <param index="0">
              <value>
                <![CDATA[chrome]]>
              </value>
            </param>
          </params>
          <reporter-output>
          </reporter-output>
        </test-method> <!-- setup -->
        <test-method status="PASS" signature="TC_IncidentReportAnonymouslyAllDetails()[pri:0, instance:com.HC.testCases.TC_IncidentReportAnonymouslyAllDetails@7fc229ab]" name="TC_IncidentReportAnonymouslyAllDetails" duration-ms="60328" started-at="2022-04-04T05:35:28Z" finished-at="2022-04-04T05:36:28Z">
          <reporter-output>
          </reporter-output>
        </test-method> <!-- TC_IncidentReportAnonymouslyAllDetails -->
        <test-method status="PASS" signature="tearDown()[pri:0, instance:com.HC.testCases.TC_IncidentReportAnonymouslyAllDetails@7fc229ab]" name="tearDown" is-config="true" duration-ms="0" started-at="2022-04-04T05:36:28Z" finished-at="2022-04-04T05:36:28Z">
          <reporter-output>
          </reporter-output>
        </test-method> <!-- tearDown -->
      </class> <!-- com.HC.testCases.TC_IncidentReportAnonymouslyAllDetails -->
      <class name="com.HC.testCases.TC_IncidentDashboardDeleteIncident">
        <test-method status="PASS" signature="setup(java.lang.String)[pri:0, instance:com.HC.testCases.TC_IncidentDashboardDeleteIncident@527e5409]" name="setup" is-config="true" duration-ms="6800" started-at="2022-04-04T05:37:43Z" finished-at="2022-04-04T05:37:50Z">
          <params>
            <param index="0">
              <value>
                <![CDATA[chrome]]>
              </value>
            </param>
          </params>
          <reporter-output>
          </reporter-output>
        </test-method> <!-- setup -->
        <test-method status="PASS" signature="TC_IncidentDashboardDeleteIncident()[pri:0, instance:com.HC.testCases.TC_IncidentDashboardDeleteIncident@527e5409]" name="TC_IncidentDashboardDeleteIncident" duration-ms="35546" started-at="2022-04-04T05:37:50Z" finished-at="2022-04-04T05:38:26Z">
          <reporter-output>
          </reporter-output>
        </test-method> <!-- TC_IncidentDashboardDeleteIncident -->
        <test-method status="PASS" signature="tearDown()[pri:0, instance:com.HC.testCases.TC_IncidentDashboardDeleteIncident@527e5409]" name="tearDown" is-config="true" duration-ms="0" started-at="2022-04-04T05:38:26Z" finished-at="2022-04-04T05:38:26Z">
          <reporter-output>
          </reporter-output>
        </test-method> <!-- tearDown -->
      </class> <!-- com.HC.testCases.TC_IncidentDashboardDeleteIncident -->
      <class name="com.HC.testCases.TC_QualityDashboardAssign">
        <test-method status="PASS" signature="setup(java.lang.String)[pri:0, instance:com.HC.testCases.TC_QualityDashboardAssign@1198b989]" name="setup" is-config="true" duration-ms="6833" started-at="2022-04-04T05:38:26Z" finished-at="2022-04-04T05:38:32Z">
          <params>
            <param index="0">
              <value>
                <![CDATA[chrome]]>
              </value>
            </param>
          </params>
          <reporter-output>
          </reporter-output>
        </test-method> <!-- setup -->
        <test-method status="PASS" signature="TC_QualityDashboardAssign()[pri:0, instance:com.HC.testCases.TC_QualityDashboardAssign@1198b989]" name="TC_QualityDashboardAssign" duration-ms="27935" started-at="2022-04-04T05:38:32Z" finished-at="2022-04-04T05:39:00Z">
          <reporter-output>
          </reporter-output>
        </test-method> <!-- TC_QualityDashboardAssign -->
        <test-method status="PASS" signature="tearDown()[pri:0, instance:com.HC.testCases.TC_QualityDashboardAssign@1198b989]" name="tearDown" is-config="true" duration-ms="0" started-at="2022-04-04T05:39:00Z" finished-at="2022-04-04T05:39:00Z">
          <reporter-output>
          </reporter-output>
        </test-method> <!-- tearDown -->
      </class> <!-- com.HC.testCases.TC_QualityDashboardAssign -->
      <class name="com.HC.testCases.TC_IncidentReport">
        <test-method status="PASS" signature="setup(java.lang.String)[pri:0, instance:com.HC.testCases.TC_IncidentReport@1460a8c0]" name="setup" is-config="true" duration-ms="7585" started-at="2022-04-04T05:31:43Z" finished-at="2022-04-04T05:31:51Z">
          <params>
            <param index="0">
              <value>
                <![CDATA[chrome]]>
              </value>
            </param>
          </params>
          <reporter-output>
          </reporter-output>
        </test-method> <!-- setup -->
        <test-method status="PASS" signature="TC_IncidentReport()[pri:0, instance:com.HC.testCases.TC_IncidentReport@1460a8c0]" name="TC_IncidentReport" duration-ms="35953" started-at="2022-04-04T05:31:51Z" finished-at="2022-04-04T05:32:27Z">
          <reporter-output>
          </reporter-output>
        </test-method> <!-- TC_IncidentReport -->
        <test-method status="PASS" signature="tearDown()[pri:0, instance:com.HC.testCases.TC_IncidentReport@1460a8c0]" name="tearDown" is-config="true" duration-ms="0" started-at="2022-04-04T05:32:27Z" finished-at="2022-04-04T05:32:27Z">
          <reporter-output>
          </reporter-output>
        </test-method> <!-- tearDown -->
      </class> <!-- com.HC.testCases.TC_IncidentReport -->
      <class name="com.HC.testCases.TC_QualityDashboardReAssign">
        <test-method status="PASS" signature="setup(java.lang.String)[pri:0, instance:com.HC.testCases.TC_QualityDashboardReAssign@7ff95560]" name="setup" is-config="true" duration-ms="7264" started-at="2022-04-04T05:39:00Z" finished-at="2022-04-04T05:39:08Z">
          <params>
            <param index="0">
              <value>
                <![CDATA[chrome]]>
              </value>
            </param>
          </params>
          <reporter-output>
          </reporter-output>
        </test-method> <!-- setup -->
        <test-method status="PASS" signature="TC_QualityDashboardReAssign()[pri:0, instance:com.HC.testCases.TC_QualityDashboardReAssign@7ff95560]" name="TC_QualityDashboardReAssign" duration-ms="27495" started-at="2022-04-04T05:39:08Z" finished-at="2022-04-04T05:39:35Z">
          <reporter-output>
          </reporter-output>
        </test-method> <!-- TC_QualityDashboardReAssign -->
        <test-method status="PASS" signature="tearDown()[pri:0, instance:com.HC.testCases.TC_QualityDashboardReAssign@7ff95560]" name="tearDown" is-config="true" duration-ms="0" started-at="2022-04-04T05:39:35Z" finished-at="2022-04-04T05:39:35Z">
          <reporter-output>
          </reporter-output>
        </test-method> <!-- tearDown -->
      </class> <!-- com.HC.testCases.TC_QualityDashboardReAssign -->
      <class name="com.HC.testCases.TC_IncidentReportSaveSubmit">
        <test-method status="PASS" signature="setup(java.lang.String)[pri:0, instance:com.HC.testCases.TC_IncidentReportSaveSubmit@6e75aa0d]" name="setup" is-config="true" duration-ms="8012" started-at="2022-04-04T05:34:26Z" finished-at="2022-04-04T05:34:34Z">
          <params>
            <param index="0">
              <value>
                <![CDATA[chrome]]>
              </value>
            </param>
          </params>
          <reporter-output>
          </reporter-output>
        </test-method> <!-- setup -->
        <test-method status="PASS" signature="TC_IncidentReportSaveSubmit()[pri:0, instance:com.HC.testCases.TC_IncidentReportSaveSubmit@6e75aa0d]" name="TC_IncidentReportSaveSubmit" duration-ms="45539" started-at="2022-04-04T05:34:34Z" finished-at="2022-04-04T05:35:19Z">
          <reporter-output>
          </reporter-output>
        </test-method> <!-- TC_IncidentReportSaveSubmit -->
        <test-method status="PASS" signature="tearDown()[pri:0, instance:com.HC.testCases.TC_IncidentReportSaveSubmit@6e75aa0d]" name="tearDown" is-config="true" duration-ms="0" started-at="2022-04-04T05:35:19Z" finished-at="2022-04-04T05:35:19Z">
          <reporter-output>
          </reporter-output>
        </test-method> <!-- tearDown -->
      </class> <!-- com.HC.testCases.TC_IncidentReportSaveSubmit -->
      <class name="com.HC.testCases.TC_IncidentReportPatientComplaintDetails">
        <test-method status="PASS" signature="setup(java.lang.String)[pri:0, instance:com.HC.testCases.TC_IncidentReportPatientComplaintDetails@2cbb3d47]" name="setup" is-config="true" duration-ms="8584" started-at="2022-04-04T05:36:28Z" finished-at="2022-04-04T05:36:37Z">
          <params>
            <param index="0">
              <value>
                <![CDATA[chrome]]>
              </value>
            </param>
          </params>
          <reporter-output>
          </reporter-output>
        </test-method> <!-- setup -->
        <test-method status="FAIL" signature="TC_IncidentReportPatientComplaintDetails()[pri:0, instance:com.HC.testCases.TC_IncidentReportPatientComplaintDetails@2cbb3d47]" name="TC_IncidentReportPatientComplaintDetails" duration-ms="66669" started-at="2022-04-04T05:36:37Z" finished-at="2022-04-04T05:37:43Z">
          <exception class="org.openqa.selenium.NoSuchElementException">
            <message>
              <![CDATA[no such element: Unable to locate element: {"method":"xpath","selector":"//button[contains(text(),'Yes')]"}
  (Session info: chrome=99.0.4844.84)
For documentation on this error, please visit: http://seleniumhq.org/exceptions/no_such_element.html
Build info: version: '3.14.0', revision: 'aacccce0', time: '2018-08-02T20:19:58.91Z'
System info: host: 'SANDEEP', ip: '192.168.43.106', os.name: 'Windows 10', os.arch: 'amd64', os.version: '10.0', java.version: '1.8.0_241'
Driver info: org.openqa.selenium.chrome.ChromeDriver
Capabilities {acceptInsecureCerts: false, browserName: chrome, browserVersion: 99.0.4844.84, chrome: {chromedriverVersion: 99.0.4844.51 (d537ec02474b5..., userDataDir: C:\Users\venkata\AppData\Lo...}, goog:chromeOptions: {debuggerAddress: localhost:54007}, javascriptEnabled: true, networkConnectionEnabled: false, pageLoadStrategy: normal, platform: WINDOWS, platformName: WINDOWS, proxy: Proxy(), setWindowRect: true, strictFileInteractability: false, timeouts: {implicit: 0, pageLoad: 300000, script: 30000}, unhandledPromptBehavior: dismiss and notify, webauthn:extension:credBlob: true, webauthn:extension:largeBlob: true, webauthn:virtualAuthenticators: true}
Session ID: 29fac964a6981b65ffc704d741ec735b
*** Element info: {Using=xpath, value=//button[contains(text(),'Yes')]}]]>
            </message>
            <full-stacktrace>
              <![CDATA[org.openqa.selenium.NoSuchElementException: no such element: Unable to locate element: {"method":"xpath","selector":"//button[contains(text(),'Yes')]"}
  (Session info: chrome=99.0.4844.84)
For documentation on this error, please visit: http://seleniumhq.org/exceptions/no_such_element.html
Build info: version: '3.14.0', revision: 'aacccce0', time: '2018-08-02T20:19:58.91Z'
System info: host: 'SANDEEP', ip: '192.168.43.106', os.name: 'Windows 10', os.arch: 'amd64', os.version: '10.0', java.version: '1.8.0_241'
Driver info: org.openqa.selenium.chrome.ChromeDriver
Capabilities {acceptInsecureCerts: false, browserName: chrome, browserVersion: 99.0.4844.84, chrome: {chromedriverVersion: 99.0.4844.51 (d537ec02474b5..., userDataDir: C:\Users\venkata\AppData\Lo...}, goog:chromeOptions: {debuggerAddress: localhost:54007}, javascriptEnabled: true, networkConnectionEnabled: false, pageLoadStrategy: normal, platform: WINDOWS, platformName: WINDOWS, proxy: Proxy(), setWindowRect: true, strictFileInteractability: false, timeouts: {implicit: 0, pageLoad: 300000, script: 30000}, unhandledPromptBehavior: dismiss and notify, webauthn:extension:credBlob: true, webauthn:extension:largeBlob: true, webauthn:virtualAuthenticators: true}
Session ID: 29fac964a6981b65ffc704d741ec735b
*** Element info: {Using=xpath, value=//button[contains(text(),'Yes')]}
at sun.reflect.NativeConstructorAccessorImpl.newInstance0(Native Method)
at sun.reflect.NativeConstructorAccessorImpl.newInstance(NativeConstructorAccessorImpl.java:62)
at sun.reflect.DelegatingConstructorAccessorImpl.newInstance(DelegatingConstructorAccessorImpl.java:45)
at java.lang.reflect.Constructor.newInstance(Constructor.java:423)
at org.openqa.selenium.remote.http.W3CHttpResponseCodec.createException(W3CHttpResponseCodec.java:187)
at org.openqa.selenium.remote.http.W3CHttpResponseCodec.decode(W3CHttpResponseCodec.java:122)
at org.openqa.selenium.remote.http.W3CHttpResponseCodec.decode(W3CHttpResponseCodec.java:49)
at org.openqa.selenium.remote.HttpCommandExecutor.execute(HttpCommandExecutor.java:158)
at org.openqa.selenium.remote.service.DriverCommandExecutor.execute(DriverCommandExecutor.java:83)
at org.openqa.selenium.remote.RemoteWebDriver.execute(RemoteWebDriver.java:548)
at org.openqa.selenium.remote.RemoteWebDriver.findElement(RemoteWebDriver.java:322)
at org.openqa.selenium.remote.RemoteWebDriver.findElementByXPath(RemoteWebDriver.java:424)
at org.openqa.selenium.By$ByXPath.findElement(By.java:353)
at org.openqa.selenium.remote.RemoteWebDriver.findElement(RemoteWebDriver.java:314)
at org.openqa.selenium.support.pagefactory.DefaultElementLocator.findElement(DefaultElementLocator.java:69)
at org.openqa.selenium.support.pagefactory.internal.LocatingElementHandler.invoke(LocatingElementHandler.java:38)
at com.sun.proxy.$Proxy10.click(Unknown Source)
at com.HC.pageObjects.LoginPage.popsubmit(LoginPage.java:133)
at com.HC.testCases.TC_IncidentReportPatientComplaintDetails.TC_IncidentReportPatientComplaintDetails(TC_IncidentReportPatientComplaintDetails.java:165)
at sun.reflect.NativeMethodAccessorImpl.invoke0(Native Method)
at sun.reflect.NativeMethodAccessorImpl.invoke(NativeMethodAccessorImpl.java:62)
at sun.reflect.DelegatingMethodAccessorImpl.invoke(DelegatingMethodAccessorImpl.java:43)
at java.lang.reflect.Method.invoke(Method.java:498)
at org.testng.internal.MethodInvocationHelper.invokeMethod(MethodInvocationHelper.java:124)
at org.testng.internal.Invoker.invokeMethod(Invoker.java:583)
at org.testng.internal.Invoker.invokeTestMethod(Invoker.java:719)
at org.testng.internal.Invoker.invokeTestMethods(Invoker.java:989)
at org.testng.internal.TestMethodWorker.invokeTestMethods(TestMethodWorker.java:125)
at org.testng.internal.TestMethodWorker.run(TestMethodWorker.java:109)
at org.testng.TestRunner.privateRun(TestRunner.java:648)
at org.testng.TestRunner.run(TestRunner.java:505)
at org.testng.SuiteRunner.runTest(SuiteRunner.java:455)
at org.testng.SuiteRunner.runSequentially(SuiteRunner.java:450)
at org.testng.SuiteRunner.privateRun(SuiteRunner.java:415)
at org.testng.SuiteRunner.run(SuiteRunner.java:364)
at org.testng.SuiteRunnerWorker.runSuite(SuiteRunnerWorker.java:52)
at org.testng.SuiteRunnerWorker.run(SuiteRunnerWorker.java:84)
at org.testng.TestNG.runSuitesSequentially(TestNG.java:1208)
at org.testng.TestNG.runSuitesLocally(TestNG.java:1137)
at org.testng.TestNG.runSuites(TestNG.java:1049)
at org.testng.TestNG.run(TestNG.java:1017)
at com.HC.pageObjects.DriverScript.execute_TestCase(DriverScript.java:49)
at com.HC.pageObjects.DriverScript.main(DriverScript.java:19)
]]>
            </full-stacktrace>
          </exception> <!-- org.openqa.selenium.NoSuchElementException -->
          <reporter-output>
          </reporter-output>
        </test-method> <!-- TC_IncidentReportPatientComplaintDetails -->
        <test-method status="PASS" signature="tearDown()[pri:0, instance:com.HC.testCases.TC_IncidentReportPatientComplaintDetails@2cbb3d47]" name="tearDown" is-config="true" duration-ms="0" started-at="2022-04-04T05:37:43Z" finished-at="2022-04-04T05:37:43Z">
          <reporter-output>
          </reporter-output>
        </test-method> <!-- tearDown -->
      </class> <!-- com.HC.testCases.TC_IncidentReportPatientComplaintDetails -->
      <class name="com.HC.testCases.TC_IncidentReportAllDetails">
        <test-method status="PASS" signature="setup(java.lang.String)[pri:0, instance:com.HC.testCases.TC_IncidentReportAllDetails@4387b79e]" name="setup" is-config="true" duration-ms="10964" started-at="2022-04-04T05:33:16Z" finished-at="2022-04-04T05:33:27Z">
          <params>
            <param index="0">
              <value>
                <![CDATA[chrome]]>
              </value>
            </param>
          </params>
          <reporter-output>
          </reporter-output>
        </test-method> <!-- setup -->
        <test-method status="PASS" signature="TC_IncidentReportAllDetails()[pri:0, instance:com.HC.testCases.TC_IncidentReportAllDetails@4387b79e]" name="TC_IncidentReportAllDetails" duration-ms="58795" started-at="2022-04-04T05:33:27Z" finished-at="2022-04-04T05:34:26Z">
          <reporter-output>
          </reporter-output>
        </test-method> <!-- TC_IncidentReportAllDetails -->
        <test-method status="PASS" signature="tearDown()[pri:0, instance:com.HC.testCases.TC_IncidentReportAllDetails@4387b79e]" name="tearDown" is-config="true" duration-ms="0" started-at="2022-04-04T05:34:26Z" finished-at="2022-04-04T05:34:26Z">
          <reporter-output>
          </reporter-output>
        </test-method> <!-- tearDown -->
      </class> <!-- com.HC.testCases.TC_IncidentReportAllDetails -->
    </test> <!-- HealthCare Test -->
  </suite> <!-- NapierHealthCareProject -->
</testng-results>
